[35m[Appium][39m Welcome to Appium v1.16.0
[35m[Appium][39m Non-default server args:
[35m[Appium][39m   port: 9057
[35m[Appium][39m   udid: NXTGY17210000090
[35m[Appium][39m Deprecated server args:
[35m[Appium][39m   [31m-U,--udid[39m => --default-capabilities '{"udid":"NXTGY17210000090"}'
[35m[Appium][39m Default capabilities, which will be added to each request unless overridden by desired capabilities:
[35m[Appium][39m   udid: NXTGY17210000090
[35m[Appium][39m Appium REST http interface listener started on 0.0.0.0:9057
[35m[HTTP][39m [37m-->[39m [37mPOST[39m [37m/wd/hub/session[39m
[35m[HTTP][39m [90m{"desiredCapabilities":{"appPackage":"tv.danmaku.bili","appActivity":"com.squareup.leakcanary.internal.DisplayLeakActivity","resetKeyBoard":true,"noSign":true,"newCommandTimeout":600,"unicodeKeyBoard":true,"udid":"NXTGY17210000090","platformName":"Android","deviceName":"Android","deviceReadyTimeout":60}}[39m
[debug] [35m[MJSONWP][39m Calling AppiumDriver.createSession() with args: [{"appPackage":"tv.danmaku.bili","appActivity":"com.squareup.leakcanary.internal.DisplayLeakActivity","resetKeyBoard":true,"noSign":true,"newCommandTimeout":600,"unicodeKeyBoard":true,"udid":"NXTGY17210000090","platformName":"Android","deviceName":"Android","deviceReadyTimeout":60},null,null]
[debug] [35m[BaseDriver][39m Event 'newSessionRequested' logged at 1583640921571 (12:15:21 GMT+0800 (China Standard Time))
[35m[Appium][39m 
[35m[Appium][39m ======================================================================
[35m[Appium][39m   DEPRECATION WARNING:
[35m[Appium][39m 
[35m[Appium][39m   The 'automationName' capability was not provided in the desired 
[35m[Appium][39m   capabilities for this Android session
[35m[Appium][39m 
[35m[Appium][39m   Setting 'automationName=UiAutomator2' by default and using the 
[35m[Appium][39m   UiAutomator2 Driver
[35m[Appium][39m 
[35m[Appium][39m   The next major version of Appium (2.x) will **require** the 
[35m[Appium][39m   'automationName' capability to be set for all sessions on all 
[35m[Appium][39m   platforms
[35m[Appium][39m 
[35m[Appium][39m   In previous versions (Appium <= 1.13.x), the default was 
[35m[Appium][39m   'automationName=UiAutomator1'
[35m[Appium][39m 
[35m[Appium][39m   If you wish to use that automation instead of UiAutomator2, please 
[35m[Appium][39m   add 'automationName=UiAutomator1' to your desired capabilities
[35m[Appium][39m 
[35m[Appium][39m   For more information about drivers, please visit 
[35m[Appium][39m   http://appium.io/docs/en/about-appium/intro/ and explore the 
[35m[Appium][39m   'Drivers' menu
[35m[Appium][39m 
[35m[Appium][39m ======================================================================
[35m[Appium][39m 
[35m[Appium][39m Appium v1.16.0 creating new AndroidUiautomator2Driver (v1.40.0) session
[debug] [35m[BaseDriver][39m Creating session with MJSONWP desired capabilities: {
[debug] [35m[BaseDriver][39m   "udid": "NXTGY17210000090",
[debug] [35m[BaseDriver][39m   "appPackage": "tv.danmaku.bili",
[debug] [35m[BaseDriver][39m   "appActivity": "com.squareup.leakcanary.internal.DisplayLeakActivity",
[debug] [35m[BaseDriver][39m   "resetKeyBoard": true,
[debug] [35m[BaseDriver][39m   "noSign": true,
[debug] [35m[BaseDriver][39m   "newCommandTimeout": 600,
[debug] [35m[BaseDriver][39m   "unicodeKeyBoard": true,
[debug] [35m[BaseDriver][39m   "platformName": "Android",
[debug] [35m[BaseDriver][39m   "deviceName": "Android",
[debug] [35m[BaseDriver][39m   "deviceReadyTimeout": 60
[debug] [35m[BaseDriver][39m }
[35m[BaseDriver][39m The following capabilities were provided, but are not recognized by Appium:
[35m[BaseDriver][39m   resetKeyBoard
[35m[BaseDriver][39m   unicodeKeyBoard
[35m[BaseDriver][39m Session created with session id: be342cf2-9f12-4564-a7f9-ad289089d58b
[35m[UiAutomator2][39m Starting 'tv.danmaku.bili' directly on the device
[35m[ADB][39m Found 0 'build-tools' folders under '/Users/zhangquli/Downloads/android-sdk-macosx' (newest first):
[35m[ADB][39m Using 'adb' from '/Users/zhangquli/Downloads/android-sdk-macosx/platform-tools/adb'
[35m[AndroidDriver][39m Retrieving device list
[debug] [35m[ADB][39m Trying to find a connected android device
[debug] [35m[ADB][39m Getting connected devices...
[debug] [35m[ADB][39m Connected devices: [{"udid":"NXTGY17210000090","state":"device"}]
[35m[AndroidDriver][39m Using device: NXTGY17210000090
[35m[ADB][39m Using 'adb' from '/Users/zhangquli/Downloads/android-sdk-macosx/platform-tools/adb'
[debug] [35m[ADB][39m Setting device id to NXTGY17210000090
[debug] [35m[ADB][39m Running '/Users/zhangquli/Downloads/android-sdk-macosx/platform-tools/adb -P 5037 -s NXTGY17210000090 shell getprop ro.build.version.sdk'
[debug] [35m[ADB][39m Current device property 'ro.build.version.sdk': 24
[debug] [35m[ADB][39m Device API level: 24
[35m[AndroidDriver][39m No app sent in, not parsing package/activity
[debug] [35m[ADB][39m Running '/Users/zhangquli/Downloads/android-sdk-macosx/platform-tools/adb -P 5037 -s NXTGY17210000090 wait-for-device'
[debug] [35m[ADB][39m Running '/Users/zhangquli/Downloads/android-sdk-macosx/platform-tools/adb -P 5037 -s NXTGY17210000090 shell echo ping'
[debug] [35m[AndroidDriver][39m Pushing settings apk to device...
[debug] [35m[ADB][39m Getting install status for io.appium.settings
[debug] [35m[ADB][39m Running '/Users/zhangquli/Downloads/android-sdk-macosx/platform-tools/adb -P 5037 -s NXTGY17210000090 shell dumpsys package io.appium.settings'
[debug] [35m[ADB][39m 'io.appium.settings' is not installed
[debug] [35m[ADB][39m App '/usr/local/lib/node_modules/appium/node_modules/io.appium.settings/apks/settings_apk-debug.apk' is not installed
[debug] [35m[ADB][39m Installing '/usr/local/lib/node_modules/appium/node_modules/io.appium.settings/apks/settings_apk-debug.apk'
[debug] [35m[ADB][39m Running '/Users/zhangquli/Downloads/android-sdk-macosx/platform-tools/adb -P 5037 -s NXTGY17210000090 shell 'ls -t -1 /data/local/tmp/appium_cache 2>&1 || echo _ERROR_''
[debug] [35m[ADB][39m The count of applications in the cache: 1
[35m[ADB][39m The application at '/usr/local/lib/node_modules/appium/node_modules/io.appium.settings/apks/settings_apk-debug.apk' is already cached to '/data/local/tmp/appium_cache/6ac5f376f229532996b30c34307a5392093e1023.apk'
[debug] [35m[ADB][39m Running '/Users/zhangquli/Downloads/android-sdk-macosx/platform-tools/adb -P 5037 -s NXTGY17210000090 shell pm install -g /data/local/tmp/appium_cache/6ac5f376f229532996b30c34307a5392093e1023.apk'
[debug] [35m[ADB][39m Getting install status for io.appium.settings
[debug] [35m[ADB][39m Running '/Users/zhangquli/Downloads/android-sdk-macosx/platform-tools/adb -P 5037 -s NXTGY17210000090 shell dumpsys package io.appium.settings'
[debug] [35m[ADB][39m 'io.appium.settings' is not installed
[debug] [35m[ADB][39m App '/usr/local/lib/node_modules/appium/node_modules/io.appium.settings/apks/settings_apk-debug.apk' is not installed
[debug] [35m[ADB][39m Installing '/usr/local/lib/node_modules/appium/node_modules/io.appium.settings/apks/settings_apk-debug.apk'
[debug] [35m[ADB][39m Running '/Users/zhangquli/Downloads/android-sdk-macosx/platform-tools/adb -P 5037 -s NXTGY17210000090 shell 'ls -t -1 /data/local/tmp/appium_cache 2>&1 || echo _ERROR_''
[debug] [35m[ADB][39m The count of applications in the cache: 1
[35m[ADB][39m The application at '/usr/local/lib/node_modules/appium/node_modules/io.appium.settings/apks/settings_apk-debug.apk' is already cached to '/data/local/tmp/appium_cache/6ac5f376f229532996b30c34307a5392093e1023.apk'
[debug] [35m[ADB][39m Running '/Users/zhangquli/Downloads/android-sdk-macosx/platform-tools/adb -P 5037 -s NXTGY17210000090 shell pm install -g /data/local/tmp/appium_cache/6ac5f376f229532996b30c34307a5392093e1023.apk'
[debug] [35m[UiAutomator2][39m Deleting UiAutomator2 session
[debug] [35m[ADB][39m Running '/Users/zhangquli/Downloads/android-sdk-macosx/platform-tools/adb -P 5037 -s NXTGY17210000090 shell am force-stop tv.danmaku.bili'
[debug] [35m[BaseDriver][39m Event 'newSessionStarted' logged at 1583640924290 (12:15:24 GMT+0800 (China Standard Time))
[debug] [35m[MJSONWP][39m Encountered internal error running command: Error executing adbExec. Original error: 'Command '/Users/zhangquli/Downloads/android-sdk-macosx/platform-tools/adb -P 5037 -s NXTGY17210000090 shell pm install -g /data/local/tmp/appium_cache/6ac5f376f229532996b30c34307a5392093e1023.apk' exited with code 1'; Stderr: 'Failure [INSTALL_CANCELED_BY_USER]'; Code: '1'
[debug] [35m[MJSONWP][39m Error: Command '/Users/zhangquli/Downloads/android-sdk-macosx/platform-tools/adb -P 5037 -s NXTGY17210000090 shell pm install -g /data/local/tmp/appium_cache/6ac5f376f229532996b30c34307a5392093e1023.apk' exited with code 1
[debug] [35m[MJSONWP][39m     at ChildProcess.proc.on.code (/usr/local/lib/node_modules/appium/node_modules/teen_process/lib/exec.js:113:19)
[debug] [35m[MJSONWP][39m     at ChildProcess.emit (events.js:198:13)
[debug] [35m[MJSONWP][39m     at maybeClose (internal/child_process.js:982:16)
[debug] [35m[MJSONWP][39m     at Socket.stream.socket.on (internal/child_process.js:389:11)
[debug] [35m[MJSONWP][39m     at Socket.emit (events.js:198:13)
[debug] [35m[MJSONWP][39m     at Pipe._handle.close (net.js:607:12)
[35m[HTTP][39m [37m<-- POST /wd/hub/session [39m[31m500[39m [90m2731 ms - 452[39m
[35m[HTTP][39m [90m[39m
