[35m[Appium][39m Welcome to Appium v1.16.0
[35m[Appium][39m Non-default server args:
[35m[Appium][39m   port: 9344
[35m[Appium][39m   udid: NXTGY17210000090
[35m[Appium][39m Deprecated server args:
[35m[Appium][39m   [31m-U,--udid[39m => --default-capabilities '{"udid":"NXTGY17210000090"}'
[35m[Appium][39m Default capabilities, which will be added to each request unless overridden by desired capabilities:
[35m[Appium][39m   udid: NXTGY17210000090
[35m[Appium][39m Appium REST http interface listener started on 0.0.0.0:9344
[35m[HTTP][39m [37m-->[39m [37mPOST[39m [37m/wd/hub/session[39m
[35m[HTTP][39m [90m{"desiredCapabilities":{"appPackage":"tv.danmaku.bili","appActivity":"com.squareup.leakcanary.internal.DisplayLeakActivity","resetKeyBoard":true,"noSign":true,"newCommandTimeout":600,"unicodeKeyBoard":true,"udid":"NXTGY17210000090","platformName":"Android","deviceName":"Android","deviceReadyTimeout":60}}[39m
[debug] [35m[MJSONWP][39m Calling AppiumDriver.createSession() with args: [{"appPackage":"tv.danmaku.bili","appActivity":"com.squareup.leakcanary.internal.DisplayLeakActivity","resetKeyBoard":true,"noSign":true,"newCommandTimeout":600,"unicodeKeyBoard":true,"udid":"NXTGY17210000090","platformName":"Android","deviceName":"Android","deviceReadyTimeout":60},null,null]
[debug] [35m[BaseDriver][39m Event 'newSessionRequested' logged at 1583641182828 (12:19:42 GMT+0800 (China Standard Time))
[35m[Appium][39m 
[35m[Appium][39m ======================================================================
[35m[Appium][39m   DEPRECATION WARNING:
[35m[Appium][39m 
[35m[Appium][39m   The 'automationName' capability was not provided in the desired 
[35m[Appium][39m   capabilities for this Android session
[35m[Appium][39m 
[35m[Appium][39m   Setting 'automationName=UiAutomator2' by default and using the 
[35m[Appium][39m   UiAutomator2 Driver
[35m[Appium][39m 
[35m[Appium][39m   The next major version of Appium (2.x) will **require** the 
[35m[Appium][39m   'automationName' capability to be set for all sessions on all 
[35m[Appium][39m   platforms
[35m[Appium][39m 
[35m[Appium][39m   In previous versions (Appium <= 1.13.x), the default was 
[35m[Appium][39m   'automationName=UiAutomator1'
[35m[Appium][39m 
[35m[Appium][39m   If you wish to use that automation instead of UiAutomator2, please 
[35m[Appium][39m   add 'automationName=UiAutomator1' to your desired capabilities
[35m[Appium][39m 
[35m[Appium][39m   For more information about drivers, please visit 
[35m[Appium][39m   http://appium.io/docs/en/about-appium/intro/ and explore the 
[35m[Appium][39m   'Drivers' menu
[35m[Appium][39m 
[35m[Appium][39m ======================================================================
[35m[Appium][39m 
[35m[Appium][39m Appium v1.16.0 creating new AndroidUiautomator2Driver (v1.40.0) session
[debug] [35m[BaseDriver][39m Creating session with MJSONWP desired capabilities: {
[debug] [35m[BaseDriver][39m   "udid": "NXTGY17210000090",
[debug] [35m[BaseDriver][39m   "appPackage": "tv.danmaku.bili",
[debug] [35m[BaseDriver][39m   "appActivity": "com.squareup.leakcanary.internal.DisplayLeakActivity",
[debug] [35m[BaseDriver][39m   "resetKeyBoard": true,
[debug] [35m[BaseDriver][39m   "noSign": true,
[debug] [35m[BaseDriver][39m   "newCommandTimeout": 600,
[debug] [35m[BaseDriver][39m   "unicodeKeyBoard": true,
[debug] [35m[BaseDriver][39m   "platformName": "Android",
[debug] [35m[BaseDriver][39m   "deviceName": "Android",
[debug] [35m[BaseDriver][39m   "deviceReadyTimeout": 60
[debug] [35m[BaseDriver][39m }
[35m[BaseDriver][39m The following capabilities were provided, but are not recognized by Appium:
[35m[BaseDriver][39m   resetKeyBoard
[35m[BaseDriver][39m   unicodeKeyBoard
[35m[BaseDriver][39m Session created with session id: b22158fd-d8a7-4844-8c11-f1121ab52fc8
[35m[UiAutomator2][39m Starting 'tv.danmaku.bili' directly on the device
[35m[ADB][39m Found 0 'build-tools' folders under '/Users/zhangquli/Downloads/android-sdk-macosx' (newest first):
[35m[ADB][39m Using 'adb' from '/Users/zhangquli/Downloads/android-sdk-macosx/platform-tools/adb'
[35m[AndroidDriver][39m Retrieving device list
[debug] [35m[ADB][39m Trying to find a connected android device
[debug] [35m[ADB][39m Getting connected devices...
[debug] [35m[ADB][39m Connected devices: [{"udid":"NXTGY17210000090","state":"device"}]
[35m[AndroidDriver][39m Using device: NXTGY17210000090
[35m[ADB][39m Using 'adb' from '/Users/zhangquli/Downloads/android-sdk-macosx/platform-tools/adb'
[debug] [35m[ADB][39m Setting device id to NXTGY17210000090
[debug] [35m[ADB][39m Running '/Users/zhangquli/Downloads/android-sdk-macosx/platform-tools/adb -P 5037 -s NXTGY17210000090 shell getprop ro.build.version.sdk'
[debug] [35m[ADB][39m Current device property 'ro.build.version.sdk': 24
[debug] [35m[ADB][39m Device API level: 24
[35m[AndroidDriver][39m No app sent in, not parsing package/activity
[debug] [35m[ADB][39m Running '/Users/zhangquli/Downloads/android-sdk-macosx/platform-tools/adb -P 5037 -s NXTGY17210000090 wait-for-device'
[debug] [35m[ADB][39m Running '/Users/zhangquli/Downloads/android-sdk-macosx/platform-tools/adb -P 5037 -s NXTGY17210000090 shell echo ping'
[debug] [35m[AndroidDriver][39m Pushing settings apk to device...
[debug] [35m[ADB][39m Getting install status for io.appium.settings
[debug] [35m[ADB][39m Running '/Users/zhangquli/Downloads/android-sdk-macosx/platform-tools/adb -P 5037 -s NXTGY17210000090 shell dumpsys package io.appium.settings'
[debug] [35m[ADB][39m 'io.appium.settings' is installed
[debug] [35m[ADB][39m Getting package info for 'io.appium.settings'
[debug] [35m[ADB][39m Running '/Users/zhangquli/Downloads/android-sdk-macosx/platform-tools/adb -P 5037 -s NXTGY17210000090 shell dumpsys package io.appium.settings'
[debug] [35m[ADB][39m The version name of the installed 'io.appium.settings' is greater or equal to the application version name ('2.15.0' >= '2.15.0')
[debug] [35m[ADB][39m There is no need to install/upgrade '/usr/local/lib/node_modules/appium/node_modules/io.appium.settings/apks/settings_apk-debug.apk'
[debug] [35m[ADB][39m Getting IDs of all 'io.appium.settings' processes
[debug] [35m[ADB][39m Running '/Users/zhangquli/Downloads/android-sdk-macosx/platform-tools/adb -P 5037 -s NXTGY17210000090 shell 'pgrep --help; echo $?''
[debug] [35m[ADB][39m Running '/Users/zhangquli/Downloads/android-sdk-macosx/platform-tools/adb -P 5037 -s NXTGY17210000090 shell pgrep \^appium\\.settings\$'
[debug] [35m[AndroidDriver][39m io.appium.settings is already running. There is no need to reset its permissions.
[debug] [35m[ADB][39m Running '/Users/zhangquli/Downloads/android-sdk-macosx/platform-tools/adb -P 5037 -s NXTGY17210000090 shell appops set io.appium.settings android\:mock_location allow'
[debug] [35m[Logcat][39m Starting logcat capture
[debug] [35m[UiAutomator2][39m Forwarding UiAutomator2 Server port 6790 to 8200
[debug] [35m[ADB][39m Forwarding system: 8200 to device: 6790
[debug] [35m[ADB][39m Running '/Users/zhangquli/Downloads/android-sdk-macosx/platform-tools/adb -P 5037 -s NXTGY17210000090 forward tcp\:8200 tcp\:6790'
[debug] [35m[ADB][39m Getting install status for io.appium.uiautomator2.server
[debug] [35m[ADB][39m Running '/Users/zhangquli/Downloads/android-sdk-macosx/platform-tools/adb -P 5037 -s NXTGY17210000090 shell dumpsys package io.appium.uiautomator2.server'
[debug] [35m[ADB][39m 'io.appium.uiautomator2.server' is installed
[debug] [35m[ADB][39m Getting package info for 'io.appium.uiautomator2.server'
[debug] [35m[ADB][39m Running '/Users/zhangquli/Downloads/android-sdk-macosx/platform-tools/adb -P 5037 -s NXTGY17210000090 shell dumpsys package io.appium.uiautomator2.server'
[debug] [35m[ADB][39m The version code of the installed 'io.appium.uiautomator2.server' is greater than the application version code (48 > 45)
[debug] [35m[UiAutomator2][39m io.appium.uiautomator2.server installation state: newerVersionInstalled
[debug] [35m[ADB][39m Checking app cert for /usr/local/lib/node_modules/appium/node_modules/appium-uiautomator2-server/apks/appium-uiautomator2-server-v4.5.2.apk
[35m[ADB][39m Cannot use apksigner tool for signature verification. Original error: Could not find 'apksigner' in ["/Users/zhangquli/Downloads/android-sdk-macosx/platform-tools/apksigner","/Users/zhangquli/Downloads/android-sdk-macosx/emulator/apksigner","/Users/zhangquli/Downloads/android-sdk-macosx/tools/apksigner","/Users/zhangquli/Downloads/android-sdk-macosx/tools/bin/apksigner"]. Do you have Android Build Tools installed at '/Users/zhangquli/Downloads/android-sdk-macosx'?
[debug] [35m[ADB][39m Defaulting to verify.jar
[debug] [35m[ADB][39m '/usr/local/lib/node_modules/appium/node_modules/appium-uiautomator2-server/apks/appium-uiautomator2-server-v4.5.2.apk' is already signed.
[debug] [35m[ADB][39m Getting install status for io.appium.uiautomator2.server.test
[debug] [35m[ADB][39m Running '/Users/zhangquli/Downloads/android-sdk-macosx/platform-tools/adb -P 5037 -s NXTGY17210000090 shell dumpsys package io.appium.uiautomator2.server.test'
[debug] [35m[ADB][39m 'io.appium.uiautomator2.server.test' is not installed
[debug] [35m[ADB][39m Checking app cert for /usr/local/lib/node_modules/appium/node_modules/appium-uiautomator2-server/apks/appium-uiautomator2-server-debug-androidTest.apk
[35m[ADB][39m Cannot use apksigner tool for signature verification. Original error: Could not find 'apksigner' in ["/Users/zhangquli/Downloads/android-sdk-macosx/platform-tools/apksigner","/Users/zhangquli/Downloads/android-sdk-macosx/emulator/apksigner","/Users/zhangquli/Downloads/android-sdk-macosx/tools/apksigner","/Users/zhangquli/Downloads/android-sdk-macosx/tools/bin/apksigner"]. Do you have Android Build Tools installed at '/Users/zhangquli/Downloads/android-sdk-macosx'?
[debug] [35m[ADB][39m Defaulting to verify.jar
[debug] [35m[ADB][39m '/usr/local/lib/node_modules/appium/node_modules/appium-uiautomator2-server/apks/appium-uiautomator2-server-debug-androidTest.apk' is not signed with debug cert: Exception in thread "main" java.util.zip.ZipException: zip file is empty
[debug] [35m[ADB][39m 	at java.base/java.util.zip.ZipFile$Source.zerror(ZipFile.java:1535)
[debug] [35m[ADB][39m 	at java.base/java.util.zip.ZipFile$Source.findEND(ZipFile.java:1349)
[debug] [35m[ADB][39m 	at java.base/java.util.zip.ZipFile$Source.initCEN(ZipFile.java:1443)
[debug] [35m[ADB][39m 	at java.base/java.util.zip.ZipFile$Source.<init>(ZipFile.java:1274)
[debug] [35m[ADB][39m 	at java.base/java.util.zip.ZipFile$Source.get(ZipFile.java:1237)
[debug] [35m[ADB][39m 	at java.base/java.util.zip.ZipFile$CleanableResource.<init>(ZipFile.java:727)
[debug] [35m[ADB][39m 	at java.base/java.util.zip.ZipFile$CleanableResource.get(ZipFile.java:844)
[debug] [35m[ADB][39m 	at java.base/java.util.zip.ZipFile.<init>(ZipFile.java:247)
[debug] [35m[ADB][39m 	at java.base/java.util.zip.ZipFile.<init>(ZipFile.java:177)
[debug] [35m[ADB][39m 	at java.base/java.util.jar.JarFile.<init>(JarFile.java:346)
[debug] [35m[ADB][39m 	at java.base/java.util.jar.JarFile.<init>(JarFile.java:317)
[debug] [35m[ADB][39m 	at java.base/java.util.jar.JarFile.<init>(JarFile.java:270)
[debug] [35m[ADB][39m 	at v.Verify.verify(Verify.java:28)
[debug] [35m[ADB][39m 	at v.Verify.main(Verify.java:72)
[debug] [35m[ADB][39m 
[debug] [35m[ADB][39m Signing '/usr/local/lib/node_modules/appium/node_modules/appium-uiautomator2-server/apks/appium-uiautomator2-server-debug-androidTest.apk' with default cert
[35m[ADB][39m Cannot use apksigner tool for signing. Defaulting to sign.jar. Original error: Could not find 'apksigner' in ["/Users/zhangquli/Downloads/android-sdk-macosx/platform-tools/apksigner","/Users/zhangquli/Downloads/android-sdk-macosx/emulator/apksigner","/Users/zhangquli/Downloads/android-sdk-macosx/tools/apksigner","/Users/zhangquli/Downloads/android-sdk-macosx/tools/bin/apksigner"]. Do you have Android Build Tools installed at '/Users/zhangquli/Downloads/android-sdk-macosx'?
[debug] [35m[ADB][39m Resigning apk.
[debug] [35m[UiAutomator2][39m Deleting UiAutomator2 session
[debug] [35m[UiAutomator2][39m Deleting UiAutomator2 server session
[debug] [35m[WD Proxy][39m Matched '/' to command name 'deleteSession'
[35m[UiAutomator2][39m Did not get confirmation UiAutomator2 deleteSession worked; Error was: UnknownError: An unknown server-side error occurred while processing the command. Original error: Trying to proxy a session command without session id
[debug] [35m[ADB][39m Running '/Users/zhangquli/Downloads/android-sdk-macosx/platform-tools/adb -P 5037 -s NXTGY17210000090 shell am force-stop tv.danmaku.bili'
[debug] [35m[Logcat][39m Stopping logcat capture
[debug] [35m[ADB][39m Removing forwarded port socket connection: 8200 
[debug] [35m[ADB][39m Running '/Users/zhangquli/Downloads/android-sdk-macosx/platform-tools/adb -P 5037 -s NXTGY17210000090 forward --remove tcp\:8200'
[debug] [35m[BaseDriver][39m Event 'newSessionStarted' logged at 1583641184878 (12:19:44 GMT+0800 (China Standard Time))
[debug] [35m[MJSONWP][39m Encountered internal error running command: Error: Could not sign with default certificate. Original error Command '/Library/Java/JavaVirtualMachines/jdk-11.0.6.jdk/Contents/Home/bin/java -jar /usr/local/lib/node_modules/appium/node_modules/appium-adb/jars/sign.jar /usr/local/lib/node_modules/appium/node_modules/appium-uiautomator2-server/apks/appium-uiautomator2-server-debug-androidTest.apk --override' exited with code 1
[debug] [35m[MJSONWP][39m     at ADB.signWithDefaultCert (/usr/local/lib/node_modules/appium/node_modules/appium-adb/lib/tools/apk-signing.js:125:13)
[35m[HTTP][39m [37m<-- POST /wd/hub/session [39m[31m500[39m [90m2069 ms - 511[39m
[35m[HTTP][39m [90m[39m
