[35m[Appium][39m Welcome to Appium v1.16.0
[35m[Appium][39m Non-default server args:
[35m[Appium][39m   port: 2172
[35m[Appium][39m   udid: NXTGY17210000090
[35m[Appium][39m Deprecated server args:
[35m[Appium][39m   [31m-U,--udid[39m => --default-capabilities '{"udid":"NXTGY17210000090"}'
[35m[Appium][39m Default capabilities, which will be added to each request unless overridden by desired capabilities:
[35m[Appium][39m   udid: NXTGY17210000090
[35m[Appium][39m Appium REST http interface listener started on 0.0.0.0:2172
[35m[HTTP][39m [37m-->[39m [37mPOST[39m [37m/wd/hub/session[39m
[35m[HTTP][39m [90m{"desiredCapabilities":{"appPackage":"tv.danmaku.bili","appActivity":"com.squareup.leakcanary.internal.DisplayLeakActivity","resetKeyBoard":true,"newCommandTimeout":600,"unicodeKeyBoard":true,"udid":"NXTGY17210000090","platformName":"Android","deviceName":"Android","deviceReadyTimeout":60}}[39m
[debug] [35m[MJSONWP][39m Calling AppiumDriver.createSession() with args: [{"appPackage":"tv.danmaku.bili","appActivity":"com.squareup.leakcanary.internal.DisplayLeakActivity","resetKeyBoard":true,"newCommandTimeout":600,"unicodeKeyBoard":true,"udid":"NXTGY17210000090","platformName":"Android","deviceName":"Android","deviceReadyTimeout":60},null,null]
[debug] [35m[BaseDriver][39m Event 'newSessionRequested' logged at 1583493566850 (19:19:26 GMT+0800 (China Standard Time))
[35m[Appium][39m 
[35m[Appium][39m ======================================================================
[35m[Appium][39m   DEPRECATION WARNING:
[35m[Appium][39m 
[35m[Appium][39m   The 'automationName' capability was not provided in the desired 
[35m[Appium][39m   capabilities for this Android session
[35m[Appium][39m 
[35m[Appium][39m   Setting 'automationName=UiAutomator2' by default and using the 
[35m[Appium][39m   UiAutomator2 Driver
[35m[Appium][39m 
[35m[Appium][39m   The next major version of Appium (2.x) will **require** the 
[35m[Appium][39m   'automationName' capability to be set for all sessions on all 
[35m[Appium][39m   platforms
[35m[Appium][39m 
[35m[Appium][39m   In previous versions (Appium <= 1.13.x), the default was 
[35m[Appium][39m   'automationName=UiAutomator1'
[35m[Appium][39m 
[35m[Appium][39m   If you wish to use that automation instead of UiAutomator2, please 
[35m[Appium][39m   add 'automationName=UiAutomator1' to your desired capabilities
[35m[Appium][39m 
[35m[Appium][39m   For more information about drivers, please visit 
[35m[Appium][39m   http://appium.io/docs/en/about-appium/intro/ and explore the 
[35m[Appium][39m   'Drivers' menu
[35m[Appium][39m 
[35m[Appium][39m ======================================================================
[35m[Appium][39m 
[35m[Appium][39m Appium v1.16.0 creating new AndroidUiautomator2Driver (v1.44.2) session
[debug] [35m[BaseDriver][39m Creating session with MJSONWP desired capabilities: {
[debug] [35m[BaseDriver][39m   "udid": "NXTGY17210000090",
[debug] [35m[BaseDriver][39m   "appPackage": "tv.danmaku.bili",
[debug] [35m[BaseDriver][39m   "appActivity": "com.squareup.leakcanary.internal.DisplayLeakActivity",
[debug] [35m[BaseDriver][39m   "resetKeyBoard": true,
[debug] [35m[BaseDriver][39m   "newCommandTimeout": 600,
[debug] [35m[BaseDriver][39m   "unicodeKeyBoard": true,
[debug] [35m[BaseDriver][39m   "platformName": "Android",
[debug] [35m[BaseDriver][39m   "deviceName": "Android",
[debug] [35m[BaseDriver][39m   "deviceReadyTimeout": 60
[debug] [35m[BaseDriver][39m }
[35m[BaseDriver][39m The following capabilities were provided, but are not recognized by Appium:
[35m[BaseDriver][39m   resetKeyBoard
[35m[BaseDriver][39m   unicodeKeyBoard
[35m[BaseDriver][39m Session created with session id: 8d0eece4-b809-41f8-9624-6ddfdcf260b2
[35m[UiAutomator2][39m Starting 'tv.danmaku.bili' directly on the device
[35m[ADB][39m Found 0 'build-tools' folders under '/Users/zhangquli/Downloads/android-sdk-macosx' (newest first):
[35m[ADB][39m Using 'adb' from '/Users/zhangquli/Downloads/android-sdk-macosx/platform-tools/adb'
[35m[AndroidDriver][39m Retrieving device list
[debug] [35m[ADB][39m Trying to find a connected android device
[debug] [35m[ADB][39m Getting connected devices...
[debug] [35m[ADB][39m Connected devices: [{"udid":"NXTGY17210000090","state":"device"}]
[35m[AndroidDriver][39m Using device: NXTGY17210000090
[35m[ADB][39m Using 'adb' from '/Users/zhangquli/Downloads/android-sdk-macosx/platform-tools/adb'
[debug] [35m[ADB][39m Setting device id to NXTGY17210000090
[debug] [35m[ADB][39m Running '/Users/zhangquli/Downloads/android-sdk-macosx/platform-tools/adb -P 5037 -s NXTGY17210000090 shell getprop ro.build.version.sdk'
[debug] [35m[ADB][39m Current device property 'ro.build.version.sdk': 24
[debug] [35m[ADB][39m Device API level: 24
[35m[AndroidDriver][39m No app sent in, not parsing package/activity
[debug] [35m[ADB][39m Running '/Users/zhangquli/Downloads/android-sdk-macosx/platform-tools/adb -P 5037 -s NXTGY17210000090 wait-for-device'
[debug] [35m[ADB][39m Running '/Users/zhangquli/Downloads/android-sdk-macosx/platform-tools/adb -P 5037 -s NXTGY17210000090 shell echo ping'
[debug] [35m[AndroidDriver][39m Pushing settings apk to device...
[debug] [35m[ADB][39m Getting install status for io.appium.settings
[debug] [35m[ADB][39m Running '/Users/zhangquli/Downloads/android-sdk-macosx/platform-tools/adb -P 5037 -s NXTGY17210000090 shell dumpsys package io.appium.settings'
[debug] [35m[ADB][39m 'io.appium.settings' is installed
[debug] [35m[ADB][39m Getting package info for 'io.appium.settings'
[debug] [35m[ADB][39m Running '/Users/zhangquli/Downloads/android-sdk-macosx/platform-tools/adb -P 5037 -s NXTGY17210000090 shell dumpsys package io.appium.settings'
[debug] [35m[ADB][39m The installed 'io.appium.settings' package is older than '/usr/local/lib/node_modules/appium/node_modules/appium-uiautomator2-driver/node_modules/io.appium.settings/apks/settings_apk-debug.apk' (20 < 26 or '2.15.0' < '3.1.0')'
[debug] [35m[ADB][39m Executing upgrade of '/usr/local/lib/node_modules/appium/node_modules/appium-uiautomator2-driver/node_modules/io.appium.settings/apks/settings_apk-debug.apk'
[debug] [35m[ADB][39m Running '/Users/zhangquli/Downloads/android-sdk-macosx/platform-tools/adb -P 5037 -s NXTGY17210000090 help'
[debug] [35m[ADB][39m Running '/Users/zhangquli/Downloads/android-sdk-macosx/platform-tools/adb -P 5037 -s NXTGY17210000090 features'
[35m[ADB][39m The application at '/usr/local/lib/node_modules/appium/node_modules/appium-uiautomator2-driver/node_modules/io.appium.settings/apks/settings_apk-debug.apk' will not be cached, because the device under test has confirmed the support of streamed installs
[debug] [35m[ADB][39m Running '/Users/zhangquli/Downloads/android-sdk-macosx/platform-tools/adb -P 5037 -s NXTGY17210000090 install -r -g /usr/local/lib/node_modules/appium/node_modules/appium-uiautomator2-driver/node_modules/io.appium.settings/apks/settings_apk-debug.apk'
[35m[ADB][39m The installation of 'settings_apk-debug.apk' took 1023ms
[debug] [35m[ADB][39m Install command stdout: Performing Streamed Install
[debug] [35m[ADB][39m Success
[debug] [35m[ADB][39m Getting IDs of all 'io.appium.settings' processes
[debug] [35m[ADB][39m Running '/Users/zhangquli/Downloads/android-sdk-macosx/platform-tools/adb -P 5037 -s NXTGY17210000090 shell 'pgrep --help; echo $?''
[debug] [35m[ADB][39m Running '/Users/zhangquli/Downloads/android-sdk-macosx/platform-tools/adb -P 5037 -s NXTGY17210000090 shell 'pgrep ^appium\\.settings$ || pgrep ^io\\.appium\\.setti$''
[debug] [35m[ADB][39m Getting IDs of all 'io.appium.settings' processes
[debug] [35m[ADB][39m Running '/Users/zhangquli/Downloads/android-sdk-macosx/platform-tools/adb -P 5037 -s NXTGY17210000090 shell 'pgrep ^appium\\.settings$ || pgrep ^io\\.appium\\.setti$''
[debug] [35m[ADB][39m Starting Appium Settings app
[debug] [35m[ADB][39m Running '/Users/zhangquli/Downloads/android-sdk-macosx/platform-tools/adb -P 5037 -s NXTGY17210000090 shell am start -n io.appium.settings/.Settings -a android.intent.action.MAIN -c android.intent.category.LAUNCHER'
[debug] [35m[ADB][39m Getting IDs of all 'io.appium.settings' processes
[debug] [35m[ADB][39m Running '/Users/zhangquli/Downloads/android-sdk-macosx/platform-tools/adb -P 5037 -s NXTGY17210000090 shell 'pgrep ^appium\\.settings$ || pgrep ^io\\.appium\\.setti$''
[debug] [35m[ADB][39m Running '/Users/zhangquli/Downloads/android-sdk-macosx/platform-tools/adb -P 5037 -s NXTGY17210000090 shell appops set io.appium.settings android\:mock_location allow'
[debug] [35m[Logcat][39m Starting logcat capture
[debug] [35m[UiAutomator2][39m Forwarding UiAutomator2 Server port 6790 to 8200
[debug] [35m[ADB][39m Forwarding system: 8200 to device: 6790
[debug] [35m[ADB][39m Running '/Users/zhangquli/Downloads/android-sdk-macosx/platform-tools/adb -P 5037 -s NXTGY17210000090 forward tcp\:8200 tcp\:6790'
[debug] [35m[ADB][39m Getting install status for io.appium.uiautomator2.server
[debug] [35m[ADB][39m Running '/Users/zhangquli/Downloads/android-sdk-macosx/platform-tools/adb -P 5037 -s NXTGY17210000090 shell dumpsys package io.appium.uiautomator2.server'
[debug] [35m[ADB][39m 'io.appium.uiautomator2.server' is not installed
[debug] [35m[ADB][39m App '/usr/local/lib/node_modules/appium/node_modules/appium-uiautomator2-server/apks/appium-uiautomator2-server-v4.5.5.apk' is not installed
[debug] [35m[UiAutomator2][39m io.appium.uiautomator2.server installation state: notInstalled
[debug] [35m[ADB][39m Checking app cert for /usr/local/lib/node_modules/appium/node_modules/appium-uiautomator2-server/apks/appium-uiautomator2-server-v4.5.5.apk
[35m[ADB][39m Cannot use apksigner tool for signature verification. Original error: Could not find 'apksigner' in ["/Users/zhangquli/Downloads/android-sdk-macosx/platform-tools/apksigner","/Users/zhangquli/Downloads/android-sdk-macosx/emulator/apksigner","/Users/zhangquli/Downloads/android-sdk-macosx/tools/apksigner","/Users/zhangquli/Downloads/android-sdk-macosx/tools/bin/apksigner"]. Do you have Android Build Tools installed at '/Users/zhangquli/Downloads/android-sdk-macosx'?
[debug] [35m[ADB][39m Defaulting to verify.jar
[debug] [35m[ADB][39m '/usr/local/lib/node_modules/appium/node_modules/appium-uiautomator2-server/apks/appium-uiautomator2-server-v4.5.5.apk' is signed with the default certificate
[debug] [35m[ADB][39m Getting install status for io.appium.uiautomator2.server.test
[debug] [35m[ADB][39m Running '/Users/zhangquli/Downloads/android-sdk-macosx/platform-tools/adb -P 5037 -s NXTGY17210000090 shell dumpsys package io.appium.uiautomator2.server.test'
[debug] [35m[ADB][39m 'io.appium.uiautomator2.server.test' is not installed
[debug] [35m[ADB][39m Checking app cert for /usr/local/lib/node_modules/appium/node_modules/appium-uiautomator2-server/apks/appium-uiautomator2-server-debug-androidTest.apk
[35m[ADB][39m Cannot use apksigner tool for signature verification. Original error: Could not find 'apksigner' in ["/Users/zhangquli/Downloads/android-sdk-macosx/platform-tools/apksigner","/Users/zhangquli/Downloads/android-sdk-macosx/emulator/apksigner","/Users/zhangquli/Downloads/android-sdk-macosx/tools/apksigner","/Users/zhangquli/Downloads/android-sdk-macosx/tools/bin/apksigner"]. Do you have Android Build Tools installed at '/Users/zhangquli/Downloads/android-sdk-macosx'?
[debug] [35m[ADB][39m Defaulting to verify.jar
[debug] [35m[ADB][39m '/usr/local/lib/node_modules/appium/node_modules/appium-uiautomator2-server/apks/appium-uiautomator2-server-debug-androidTest.apk' is not signed with the default certificate
[debug] [35m[ADB][39m Exception in thread "main" java.lang.Exception: Invalid cert.
[debug] [35m[ADB][39m 	at v.Verify.verify(Verify.java:57)
[debug] [35m[ADB][39m 	at v.Verify.main(Verify.java:72)
[debug] [35m[ADB][39m 
[debug] [35m[ADB][39m Signing '/usr/local/lib/node_modules/appium/node_modules/appium-uiautomator2-server/apks/appium-uiautomator2-server-debug-androidTest.apk' with default cert
[35m[ADB][39m Cannot use apksigner tool for signing. Defaulting to sign.jar. Original error: Could not find 'apksigner' in ["/Users/zhangquli/Downloads/android-sdk-macosx/platform-tools/apksigner","/Users/zhangquli/Downloads/android-sdk-macosx/emulator/apksigner","/Users/zhangquli/Downloads/android-sdk-macosx/tools/apksigner","/Users/zhangquli/Downloads/android-sdk-macosx/tools/bin/apksigner"]. Do you have Android Build Tools installed at '/Users/zhangquli/Downloads/android-sdk-macosx'?
[debug] [35m[ADB][39m Resigning apk.
[debug] [35m[UiAutomator2][39m Deleting UiAutomator2 session
[debug] [35m[UiAutomator2][39m Deleting UiAutomator2 server session
[debug] [35m[WD Proxy][39m Matched '/' to command name 'deleteSession'
[35m[UiAutomator2][39m Did not get confirmation UiAutomator2 deleteSession worked; Error was: UnknownError: An unknown server-side error occurred while processing the command. Original error: Trying to proxy a session command without session id
[debug] [35m[ADB][39m Running '/Users/zhangquli/Downloads/android-sdk-macosx/platform-tools/adb -P 5037 -s NXTGY17210000090 shell am force-stop tv.danmaku.bili'
[debug] [35m[Logcat][39m Stopping logcat capture
[debug] [35m[ADB][39m Removing forwarded port socket connection: 8200 
[debug] [35m[ADB][39m Running '/Users/zhangquli/Downloads/android-sdk-macosx/platform-tools/adb -P 5037 -s NXTGY17210000090 forward --remove tcp\:8200'
[debug] [35m[BaseDriver][39m Event 'newSessionStarted' logged at 1583493571023 (19:19:31 GMT+0800 (China Standard Time))
[debug] [35m[MJSONWP][39m Encountered internal error running command: Error: Could not find 'zipalign' in ["/Users/zhangquli/Downloads/android-sdk-macosx/platform-tools/zipalign","/Users/zhangquli/Downloads/android-sdk-macosx/emulator/zipalign","/Users/zhangquli/Downloads/android-sdk-macosx/tools/zipalign","/Users/zhangquli/Downloads/android-sdk-macosx/tools/bin/zipalign"]. Do you have Android Build Tools installed at '/Users/zhangquli/Downloads/android-sdk-macosx'?
[debug] [35m[MJSONWP][39m     at ADB.getBinaryFromSdkRoot (/usr/local/lib/node_modules/appium/node_modules/appium-uiautomator2-driver/node_modules/appium-adb/lib/tools/system-calls.js:106:11)
[35m[HTTP][39m [37m<-- POST /wd/hub/session [39m[31m500[39m [90m4194 ms - 538[39m
[35m[HTTP][39m [90m[39m
