[35m[Appium][39m Welcome to Appium v1.16.0
[35m[Appium][39m Non-default server args:
[35m[Appium][39m   port: 5597
[35m[Appium][39m   udid: NXTGY17210000090
[35m[Appium][39m Deprecated server args:
[35m[Appium][39m   [31m-U,--udid[39m => --default-capabilities '{"udid":"NXTGY17210000090"}'
[35m[Appium][39m Default capabilities, which will be added to each request unless overridden by desired capabilities:
[35m[Appium][39m   udid: NXTGY17210000090
[35m[Appium][39m Appium REST http interface listener started on 0.0.0.0:5597
[35m[HTTP][39m [37m-->[39m [37mPOST[39m [37m/wd/hub/session[39m
[35m[HTTP][39m [90m{"desiredCapabilities":{"appPackage":"tv.danmaku.bili","appActivity":"com.squareup.leakcanary.internal.DisplayLeakActivity","resetKeyBoard":true,"noSign":true,"newCommandTimeout":600,"unicodeKeyBoard":true,"automationName":"UiAutomator1","udid":"NXTGY17210000090","platformName":"Android","deviceName":"Android","deviceReadyTimeout":60}}[39m
[debug] [35m[MJSONWP][39m Calling AppiumDriver.createSession() with args: [{"appPackage":"tv.danmaku.bili","appActivity":"com.squareup.leakcanary.internal.DisplayLeakActivity","resetKeyBoard":true,"noSign":true,"newCommandTimeout":600,"unicodeKeyBoard":true,"automationName":"UiAutomator1","udid":"NXTGY17210000090","platformName":"Android","deviceName":"Android","deviceReadyTimeout":60},null,null]
[debug] [35m[BaseDriver][39m Event 'newSessionRequested' logged at 1583676659047 (22:10:59 GMT+0800 (China Standard Time))
[35m[Appium][39m Appium v1.16.0 creating new AndroidDriver (v4.21.0) session
[debug] [35m[BaseDriver][39m Creating session with MJSONWP desired capabilities: {
[debug] [35m[BaseDriver][39m   "udid": "NXTGY17210000090",
[debug] [35m[BaseDriver][39m   "appPackage": "tv.danmaku.bili",
[debug] [35m[BaseDriver][39m   "appActivity": "com.squareup.leakcanary.internal.DisplayLeakActivity",
[debug] [35m[BaseDriver][39m   "resetKeyBoard": true,
[debug] [35m[BaseDriver][39m   "noSign": true,
[debug] [35m[BaseDriver][39m   "newCommandTimeout": 600,
[debug] [35m[BaseDriver][39m   "unicodeKeyBoard": true,
[debug] [35m[BaseDriver][39m   "automationName": "UiAutomator1",
[debug] [35m[BaseDriver][39m   "platformName": "Android",
[debug] [35m[BaseDriver][39m   "deviceName": "Android",
[debug] [35m[BaseDriver][39m   "deviceReadyTimeout": 60
[debug] [35m[BaseDriver][39m }
[35m[BaseDriver][39m The following capabilities were provided, but are not recognized by Appium:
[35m[BaseDriver][39m   resetKeyBoard
[35m[BaseDriver][39m   unicodeKeyBoard
[35m[BaseDriver][39m Session created with session id: b335e098-4114-457c-abc5-c819bf5e71c5
[35m[ADB][39m Found 0 'build-tools' folders under '/Users/zhangquli/Downloads/android-sdk-macosx' (newest first):
[35m[ADB][39m Using 'adb' from '/Users/zhangquli/Downloads/android-sdk-macosx/platform-tools/adb'
[35m[AndroidDriver][39m Retrieving device list
[debug] [35m[ADB][39m Trying to find a connected android device
[debug] [35m[ADB][39m Getting connected devices...
[debug] [35m[ADB][39m Connected devices: [{"udid":"NXTGY17210000090","state":"device"}]
[35m[AndroidDriver][39m Using device: NXTGY17210000090
[35m[ADB][39m Using 'adb' from '/Users/zhangquli/Downloads/android-sdk-macosx/platform-tools/adb'
[debug] [35m[ADB][39m Setting device id to NXTGY17210000090
[debug] [35m[ADB][39m Running '/Users/zhangquli/Downloads/android-sdk-macosx/platform-tools/adb -P 5037 -s NXTGY17210000090 shell getprop ro.build.version.sdk'
[debug] [35m[ADB][39m Current device property 'ro.build.version.sdk': 24
[debug] [35m[ADB][39m Device API level: 24
[35m[AndroidDriver][39m Consider setting 'automationName' capability to 'uiautomator2' on Android >= 6, since UIAutomator framework is not maintained anymore by the OS vendor.
[35m[AndroidDriver][39m App file was not listed, instead we're going to run tv.danmaku.bili directly on the device
[debug] [35m[AndroidDriver][39m Checking whether package is present on the device
[debug] [35m[ADB][39m Running '/Users/zhangquli/Downloads/android-sdk-macosx/platform-tools/adb -P 5037 -s NXTGY17210000090 shell pm list packages tv.danmaku.bili'
[35m[AndroidDriver][39m Starting Android session
[debug] [35m[ADB][39m Running '/Users/zhangquli/Downloads/android-sdk-macosx/platform-tools/adb -P 5037 -s NXTGY17210000090 wait-for-device'
[debug] [35m[ADB][39m Running '/Users/zhangquli/Downloads/android-sdk-macosx/platform-tools/adb -P 5037 -s NXTGY17210000090 shell echo ping'
[debug] [35m[AndroidDriver][39m Pushing settings apk to device...
[debug] [35m[ADB][39m Getting install status for io.appium.settings
[debug] [35m[ADB][39m Running '/Users/zhangquli/Downloads/android-sdk-macosx/platform-tools/adb -P 5037 -s NXTGY17210000090 shell dumpsys package io.appium.settings'
[debug] [35m[ADB][39m 'io.appium.settings' is not installed
[debug] [35m[ADB][39m App '/usr/local/lib/node_modules/appium/node_modules/io.appium.settings/apks/settings_apk-debug.apk' is not installed
[debug] [35m[ADB][39m Installing '/usr/local/lib/node_modules/appium/node_modules/io.appium.settings/apks/settings_apk-debug.apk'
[debug] [35m[ADB][39m Running '/Users/zhangquli/Downloads/android-sdk-macosx/platform-tools/adb -P 5037 -s NXTGY17210000090 shell 'ls -t -1 /data/local/tmp/appium_cache 2>&1 || echo _ERROR_''
[debug] [35m[ADB][39m The count of applications in the cache: 1
[35m[ADB][39m The application at '/usr/local/lib/node_modules/appium/node_modules/io.appium.settings/apks/settings_apk-debug.apk' is already cached to '/data/local/tmp/appium_cache/6ac5f376f229532996b30c34307a5392093e1023.apk'
[debug] [35m[ADB][39m Running '/Users/zhangquli/Downloads/android-sdk-macosx/platform-tools/adb -P 5037 -s NXTGY17210000090 shell pm install -g /data/local/tmp/appium_cache/6ac5f376f229532996b30c34307a5392093e1023.apk'
[35m[ADB][39m The installation of 'settings_apk-debug.apk' took 6.343s
[debug] [35m[ADB][39m Install command stdout: Success
[debug] [35m[ADB][39m Getting IDs of all 'io.appium.settings' processes
[debug] [35m[ADB][39m Running '/Users/zhangquli/Downloads/android-sdk-macosx/platform-tools/adb -P 5037 -s NXTGY17210000090 shell 'pgrep --help; echo $?''
[debug] [35m[ADB][39m Running '/Users/zhangquli/Downloads/android-sdk-macosx/platform-tools/adb -P 5037 -s NXTGY17210000090 shell pgrep \^appium\\.settings\$'
[debug] [35m[ADB][39m Running '/Users/zhangquli/Downloads/android-sdk-macosx/platform-tools/adb -P 5037 -s NXTGY17210000090 shell am start -n io.appium.settings/.Settings -a android.intent.action.MAIN -c android.intent.category.LAUNCHER'
[debug] [35m[ADB][39m Getting IDs of all 'io.appium.settings' processes
[debug] [35m[ADB][39m Running '/Users/zhangquli/Downloads/android-sdk-macosx/platform-tools/adb -P 5037 -s NXTGY17210000090 shell pgrep \^appium\\.settings\$'
[debug] [35m[ADB][39m Running '/Users/zhangquli/Downloads/android-sdk-macosx/platform-tools/adb -P 5037 -s NXTGY17210000090 shell appops set io.appium.settings android\:mock_location allow'
[debug] [35m[Logcat][39m Starting logcat capture
[35m[ADB][39m Getting device platform version
[debug] [35m[ADB][39m Running '/Users/zhangquli/Downloads/android-sdk-macosx/platform-tools/adb -P 5037 -s NXTGY17210000090 shell getprop ro.build.version.release'
[debug] [35m[ADB][39m Current device property 'ro.build.version.release': 7.0
[debug] [35m[ADB][39m Running '/Users/zhangquli/Downloads/android-sdk-macosx/platform-tools/adb -P 5037 -s NXTGY17210000090 shell wm size'
[debug] [35m[ADB][39m Running '/Users/zhangquli/Downloads/android-sdk-macosx/platform-tools/adb -P 5037 -s NXTGY17210000090 shell getprop ro.product.model'
[debug] [35m[ADB][39m Current device property 'ro.product.model': FRD-DL00
[debug] [35m[ADB][39m Running '/Users/zhangquli/Downloads/android-sdk-macosx/platform-tools/adb -P 5037 -s NXTGY17210000090 shell getprop ro.product.manufacturer'
[debug] [35m[ADB][39m Current device property 'ro.product.manufacturer': HUAWEI
[35m[AndroidDriver][39m No app sent in, not parsing package/activity
[debug] [35m[AndroidDriver][39m No app capability. Assuming it is already on the device
[debug] [35m[ADB][39m Getting install status for tv.danmaku.bili
[debug] [35m[ADB][39m Running '/Users/zhangquli/Downloads/android-sdk-macosx/platform-tools/adb -P 5037 -s NXTGY17210000090 shell dumpsys package tv.danmaku.bili'
[debug] [35m[ADB][39m 'tv.danmaku.bili' is installed
[debug] [35m[ADB][39m Running '/Users/zhangquli/Downloads/android-sdk-macosx/platform-tools/adb -P 5037 -s NXTGY17210000090 shell am force-stop tv.danmaku.bili'
[debug] [35m[ADB][39m Running '/Users/zhangquli/Downloads/android-sdk-macosx/platform-tools/adb -P 5037 -s NXTGY17210000090 shell pm clear tv.danmaku.bili'
[debug] [35m[AndroidDriver][39m Performed fast reset on the installed 'tv.danmaku.bili' application (stop and clear)
[debug] [35m[AndroidBootstrap][39m Watching for bootstrap disconnect
[debug] [35m[ADB][39m Forwarding system: 4724 to device: 4724
[debug] [35m[ADB][39m Running '/Users/zhangquli/Downloads/android-sdk-macosx/platform-tools/adb -P 5037 -s NXTGY17210000090 forward tcp\:4724 tcp\:4724'
[debug] [35m[UiAutomator][39m Starting UiAutomator
[debug] [35m[UiAutomator][39m Moving to state 'starting'
[debug] [35m[UiAutomator][39m Parsing uiautomator jar
[debug] [35m[UiAutomator][39m Found jar name: 'AppiumBootstrap.jar'
[debug] [35m[ADB][39m Running '/Users/zhangquli/Downloads/android-sdk-macosx/platform-tools/adb -P 5037 -s NXTGY17210000090 shell mkdir -p /data/local'
[debug] [35m[ADB][39m Running '/Users/zhangquli/Downloads/android-sdk-macosx/platform-tools/adb -P 5037 -s NXTGY17210000090 push /usr/local/lib/node_modules/appium/node_modules/appium-android-driver/bootstrap/bin/AppiumBootstrap.jar /data/local/tmp/'
[debug] [35m[ADB][39m Attempting to kill all uiautomator processes
[debug] [35m[ADB][39m Getting IDs of all 'uiautomator' processes
[debug] [35m[ADB][39m Running '/Users/zhangquli/Downloads/android-sdk-macosx/platform-tools/adb -P 5037 -s NXTGY17210000090 shell pgrep \^uiautomator\$'
[35m[ADB][39m No 'uiautomator' process has been found
[debug] [35m[UiAutomator][39m Starting UIAutomator
[debug] [35m[ADB][39m Creating ADB subprocess with args: ["-P",5037,"-s","NXTGY17210000090","shell","uiautomator","runtest","AppiumBootstrap.jar","-c","io.appium.android.bootstrap.Bootstrap","-e","pkg","tv.danmaku.bili","-e","disableAndroidWatchers",false,"-e","acceptSslCerts",false]
[debug] [35m[UiAutomator][39m Moving to state 'online'
[debug] [35m[AndroidBootstrap][39m [BOOTSTRAP LOG] [debug] Loading json...
[debug] [35m[AndroidBootstrap][39m [BOOTSTRAP LOG] [debug] Registered crash watchers.
[35m[AndroidBootstrap][39m Android bootstrap socket is now connected
[debug] [35m[ADB][39m Running '/Users/zhangquli/Downloads/android-sdk-macosx/platform-tools/adb -P 5037 -s NXTGY17210000090 shell dumpsys window'
[debug] [35m[AndroidBootstrap][39m [BOOTSTRAP LOG] [debug] Client connected
[35m[AndroidDriver][39m Screen already unlocked, doing nothing
[debug] [35m[ADB][39m Running '/Users/zhangquli/Downloads/android-sdk-macosx/platform-tools/adb -P 5037 -s NXTGY17210000090 shell am start -W -n tv.danmaku.bili/com.squareup.leakcanary.internal.DisplayLeakActivity -S -a android.intent.action.MAIN -c android.intent.category.LAUNCHER -f 0x10200000'
[debug] [35m[ADB][39m We tried to start an activity that doesn't exist, retrying with '.com.squareup.leakcanary.internal.DisplayLeakActivity' activity name
[debug] [35m[ADB][39m Running '/Users/zhangquli/Downloads/android-sdk-macosx/platform-tools/adb -P 5037 -s NXTGY17210000090 shell am start -W -n tv.danmaku.bili/.com.squareup.leakcanary.internal.DisplayLeakActivity -S -a android.intent.action.MAIN -c android.intent.category.LAUNCHER -f 0x10200000'
[debug] [35m[AndroidDriver][39m Shutting down Android driver
[debug] [35m[ADB][39m Running '/Users/zhangquli/Downloads/android-sdk-macosx/platform-tools/adb -P 5037 -s NXTGY17210000090 shell am force-stop tv.danmaku.bili'
[debug] [35m[ADB][39m Pressing the HOME button
[debug] [35m[ADB][39m Running '/Users/zhangquli/Downloads/android-sdk-macosx/platform-tools/adb -P 5037 -s NXTGY17210000090 shell input keyevent 3'
[debug] [35m[AndroidBootstrap][39m Sending command to android: {"cmd":"shutdown"}
[debug] [35m[AndroidBootstrap][39m [BOOTSTRAP LOG] [debug] Got data from client: {"cmd":"shutdown"}
[debug] [35m[AndroidBootstrap][39m [BOOTSTRAP LOG] [debug] Got command of type SHUTDOWN
[debug] [35m[AndroidBootstrap][39m [BOOTSTRAP LOG] [debug] Returning result: {"status":0,"value":"OK, shutting down"}
[debug] [35m[AndroidBootstrap][39m Received command result from bootstrap
[debug] [35m[UiAutomator][39m Shutting down UiAutomator
[debug] [35m[UiAutomator][39m Moving to state 'stopping'
[debug] [35m[AndroidBootstrap][39m [BOOTSTRAP LOG] [debug] Closed client connection
[debug] [35m[AndroidBootstrap][39m [UIAUTO STDOUT] INSTRUMENTATION_STATUS: numtests=1
[debug] [35m[AndroidBootstrap][39m [UIAUTO STDOUT] INSTRUMENTATION_STATUS: stream=.
[debug] [35m[AndroidBootstrap][39m [UIAUTO STDOUT] INSTRUMENTATION_STATUS: id=UiAutomatorTestRunner
[debug] [35m[AndroidBootstrap][39m [UIAUTO STDOUT] INSTRUMENTATION_STATUS: test=testRunServer
[debug] [35m[AndroidBootstrap][39m [UIAUTO STDOUT] INSTRUMENTATION_STATUS: class=io.appium.android.bootstrap.Bootstrap
[debug] [35m[AndroidBootstrap][39m [UIAUTO STDOUT] INSTRUMENTATION_STATUS: current=1
[debug] [35m[AndroidBootstrap][39m [UIAUTO STDOUT] INSTRUMENTATION_STATUS_CODE: 0
[debug] [35m[AndroidBootstrap][39m [UIAUTO STDOUT] INSTRUMENTATION_STATUS: stream=
[debug] [35m[AndroidBootstrap][39m [UIAUTO STDOUT] Test results for WatcherResultPrinter=.
[debug] [35m[AndroidBootstrap][39m [UIAUTO STDOUT] Time: 2.075
[debug] [35m[AndroidBootstrap][39m [UIAUTO STDOUT] OK (1 test)
[debug] [35m[AndroidBootstrap][39m [UIAUTO STDOUT] INSTRUMENTATION_STATUS_CODE: -1
[debug] [35m[UiAutomator][39m UiAutomator shut down normally
[debug] [35m[UiAutomator][39m Moving to state 'stopped'
[debug] [35m[ADB][39m Attempting to kill all uiautomator processes
[debug] [35m[ADB][39m Getting IDs of all 'uiautomator' processes
[debug] [35m[ADB][39m Running '/Users/zhangquli/Downloads/android-sdk-macosx/platform-tools/adb -P 5037 -s NXTGY17210000090 shell pgrep \^uiautomator\$'
[35m[ADB][39m No 'uiautomator' process has been found
[debug] [35m[UiAutomator][39m Moving to state 'stopped'
[debug] [35m[Logcat][39m Stopping logcat capture
[debug] [35m[ADB][39m Running '/Users/zhangquli/Downloads/android-sdk-macosx/platform-tools/adb -P 5037 -s NXTGY17210000090 shell am force-stop io.appium.unlock'
[debug] [35m[AndroidDriver][39m Not cleaning generated files. Add `clearSystemFiles` capability if wanted.
[debug] [35m[BaseDriver][39m Event 'newSessionStarted' logged at 1583676671379 (22:11:11 GMT+0800 (China Standard Time))
[debug] [35m[MJSONWP][39m Encountered internal error running command: Error: Cannot start the 'tv.danmaku.bili' application. Visit https://github.com/appium/appium/blob/master/docs/en/writing-running-appium/android/activity-startup.md for troubleshooting. Original error: Cannot start the 'tv.danmaku.bili' application. Visit https://github.com/appium/appium/blob/master/docs/en/writing-running-appium/android/activity-startup.md for troubleshooting. Original error: Activity name '.com.squareup.leakcanary.internal.DisplayLeakActivity' used to start the app doesn't exist or cannot be launched! Make sure it exists and is a launchable activity
[debug] [35m[MJSONWP][39m     at ADB.startApp (/usr/local/lib/node_modules/appium/node_modules/appium-adb/lib/tools/apk-utils.js:155:11)
[35m[HTTP][39m [37m<-- POST /wd/hub/session [39m[31m500[39m [90m12370 ms - 704[39m
[35m[HTTP][39m [90m[39m
